[14-Oct-2025 20:33:39 Europe/Berlin] 🤖 KARMA AI: Comentario 'AA' → Sentimiento: negativo (20/100) - Sentimiento negativo detectado (20/100)
[14-Oct-2025 20:33:39 Europe/Berlin] PHP Fatal error:  Uncaught TypeError: Unsupported operand types: array + int in C:\xampp\htdocs\Converza\app\models\karma-social-helper.php:127
Stack trace:
#0 C:\xampp\htdocs\Converza\app\models\karma-social-helper.php(252): KarmaSocialHelper->registrarAccion(15, 'comentario_nega...', 197, 'comentario', 'Sentimiento neg...')
#1 C:\xampp\htdocs\Converza\app\models\karma-social-triggers.php(21): KarmaSocialHelper->analizarComentario(15, 197, 'AA')
#2 C:\xampp\htdocs\Converza\app\presenters\agregarcomentario.php(108): KarmaSocialTriggers->nuevoComentario(15, 197, 'AA')
#3 {main}
  thrown in C:\xampp\htdocs\Converza\app\models\karma-social-helper.php on line 127
[14-Oct-2025 20:33:47 Europe/Berlin] 🤖 KARMA AI: Comentario 'AA' → Sentimiento: negativo (20/100) - Sentimiento negativo detectado (20/100)
[14-Oct-2025 20:33:47 Europe/Berlin] PHP Fatal error:  Uncaught TypeError: Unsupported operand types: array + int in C:\xampp\htdocs\Converza\app\models\karma-social-helper.php:127
Stack trace:
#0 C:\xampp\htdocs\Converza\app\models\karma-social-helper.php(252): KarmaSocialHelper->registrarAccion(15, 'comentario_nega...', 198, 'comentario', 'Sentimiento neg...')
#1 C:\xampp\htdocs\Converza\app\models\karma-social-triggers.php(21): KarmaSocialHelper->analizarComentario(15, 198, 'AA')
#2 C:\xampp\htdocs\Converza\app\presenters\agregarcomentario.php(108): KarmaSocialTriggers->nuevoComentario(15, 198, 'AA')
#3 {main}
  thrown in C:\xampp\htdocs\Converza\app\models\karma-social-helper.php on line 127
[14-Oct-2025 20:34:36 Europe/Berlin] 🤖 KARMA AI: Comentario 'AA' → Sentimiento: negativo (20/100) - Sentimiento negativo detectado (20/100)
[14-Oct-2025 20:34:36 Europe/Berlin] PHP Fatal error:  Uncaught TypeError: Unsupported operand types: array + int in C:\xampp\htdocs\Converza\app\models\karma-social-helper.php:127
Stack trace:
#0 C:\xampp\htdocs\Converza\app\models\karma-social-helper.php(252): KarmaSocialHelper->registrarAccion(15, 'comentario_nega...', 199, 'comentario', 'Sentimiento neg...')
#1 C:\xampp\htdocs\Converza\app\models\karma-social-triggers.php(21): KarmaSocialHelper->analizarComentario(15, 199, 'AA')
#2 C:\xampp\htdocs\Converza\app\presenters\agregarcomentario.php(108): KarmaSocialTriggers->nuevoComentario(15, 199, 'AA')
#3 {main}
  thrown in C:\xampp\htdocs\Converza\app\models\karma-social-helper.php on line 127
[14-Oct-2025 20:37:52 Europe/Berlin] 🤖 KARMA AI: Comentario 'AAA' → Sentimiento: negativo (20/100) - Sentimiento negativo detectado (20/100)
[14-Oct-2025 20:37:52 Europe/Berlin] PHP Fatal error:  Uncaught TypeError: Unsupported operand types: array + int in C:\xampp\htdocs\Converza\app\models\karma-social-helper.php:127
Stack trace:
#0 C:\xampp\htdocs\Converza\app\models\karma-social-helper.php(252): KarmaSocialHelper->registrarAccion(15, 'comentario_nega...', 200, 'comentario', 'Sentimiento neg...')
#1 C:\xampp\htdocs\Converza\app\models\karma-social-triggers.php(21): KarmaSocialHelper->analizarComentario(15, 200, 'AAA')
#2 C:\xampp\htdocs\Converza\app\presenters\agregarcomentario.php(108): KarmaSocialTriggers->nuevoComentario(15, 200, 'AAA')
#3 {main}
  thrown in C:\xampp\htdocs\Converza\app\models\karma-social-helper.php on line 127
[14-Oct-2025 20:39:35 Europe/Berlin] 🤖 KARMA AI: Comentario 'A' → Sentimiento: negativo (20/100) - Sentimiento negativo detectado (20/100)
[14-Oct-2025 20:39:35 Europe/Berlin] PHP Fatal error:  Uncaught TypeError: Unsupported operand types: array + int in C:\xampp\htdocs\Converza\app\models\karma-social-helper.php:127
Stack trace:
#0 C:\xampp\htdocs\Converza\app\models\karma-social-helper.php(252): KarmaSocialHelper->registrarAccion(15, 'comentario_nega...', 201, 'comentario', 'Sentimiento neg...')
#1 C:\xampp\htdocs\Converza\app\models\karma-social-triggers.php(21): KarmaSocialHelper->analizarComentario(15, 201, 'A')
#2 C:\xampp\htdocs\Converza\app\presenters\agregarcomentario.php(108): KarmaSocialTriggers->nuevoComentario(15, 201, 'A')
#3 {main}
  thrown in C:\xampp\htdocs\Converza\app\models\karma-social-helper.php on line 127
[14-Oct-2025 20:45:46 Europe/Berlin] 🤖 KARMA AI: Comentario 'A' → Sentimiento: negativo (20/100) - Sentimiento negativo detectado (20/100)
[14-Oct-2025 20:54:48 Europe/Berlin] 🤖 KARMA AI: Comentario 'A' → Sentimiento: negativo (20/100) - Sentimiento negativo detectado (20/100)
[14-Oct-2025 21:01:41 Europe/Berlin] 🤖 KARMA AI: Comentario 'AA' → Sentimiento: negativo (20/100) - Sentimiento negativo detectado (20/100)
[14-Oct-2025 21:37:25 Europe/Berlin] 🤖 KARMA AI: Comentario 'AAA' → Sentimiento: negativo (20/100) - Sentimiento negativo detectado (20/100)
[14-Oct-2025 21:38:09 Europe/Berlin] 🤖 KARMA AI: Comentario 'A' → Sentimiento: negativo (20/100) - Sentimiento negativo detectado (20/100)
[14-Oct-2025 22:52:47 Europe/Berlin] 🤖 KARMA AI: Comentario 'hola' → Sentimiento: neutral (40/100) - Sentimiento neutral (40/100) - No hay suficientes indicadores claros
[14-Oct-2025 22:52:47 Europe/Berlin] ⚪ KARMA: Comentario neutral, no se otorga karma
[15-Oct-2025 03:27:14 Europe/Berlin] 🤖 KARMA AI: Comentario 'me gusta tu post' → Sentimiento: neutral (56/100) - Sentimiento neutral (56/100)
[15-Oct-2025 03:27:14 Europe/Berlin] ⚪ KARMA: Comentario neutral, no se otorga karma
[15-Oct-2025 03:27:32 Europe/Berlin] 🤖 KARMA AI: Comentario '♥♥' → Sentimiento: neutral (50/100) - Sentimiento neutral (50/100)
[15-Oct-2025 03:27:32 Europe/Berlin] ⚪ KARMA: Comentario neutral, no se otorga karma
[15-Oct-2025 03:38:14 Europe/Berlin] 🤖 KARMA AI: Comentario 'que feo post' → Sentimiento: neutral (50/100) - Sentimiento neutral (50/100)
[15-Oct-2025 03:38:15 Europe/Berlin] ⚪ KARMA: Comentario neutral, no se otorga karma
